12-08-2025 19:29:45 [INFO]: [32m[1m✅ MongoDB connected successfully at ac-mvoskba-shard-00-00.gih6ilr.mongodb.net/Groceries App[22m[39m
12-08-2025 19:29:45 [INFO]: [32m[1m✅ Redis connected successfully[22m[39m
12-08-2025 19:29:45 [INFO]: [32m[1m🚀 Server is running on http://localhost:5000 [development][22m[39m
12-08-2025 19:29:50 [INFO]: [32m[1m✅ MongoDB connected successfully at ac-mvoskba-shard-00-00.gih6ilr.mongodb.net/Groceries App[22m[39m
12-08-2025 19:29:50 [INFO]: [32m[1m✅ Redis connected successfully[22m[39m
12-08-2025 19:29:50 [INFO]: [32m[1m🚀 Server is running on http://localhost:5000 [development][22m[39m
12-08-2025 19:29:56 [INFO]: [32m[1m✅ MongoDB connected successfully at ac-mvoskba-shard-00-00.gih6ilr.mongodb.net/Groceries App[22m[39m
12-08-2025 19:29:56 [INFO]: [32m[1m✅ Redis connected successfully[22m[39m
12-08-2025 19:29:56 [INFO]: [32m[1m🚀 Server is running on http://localhost:5000 [development][22m[39m
12-08-2025 19:29:58 [INFO]: [32m[1m✅ MongoDB connected successfully at ac-mvoskba-shard-00-00.gih6ilr.mongodb.net/Groceries App[22m[39m
12-08-2025 19:29:58 [INFO]: [32m[1m✅ Redis connected successfully[22m[39m
12-08-2025 19:29:58 [INFO]: [32m[1m🚀 Server is running on http://localhost:5000 [development][22m[39m
12-08-2025 19:30:05 [INFO]: [32m[1m✅ MongoDB connected successfully at ac-mvoskba-shard-00-00.gih6ilr.mongodb.net/Groceries App[22m[39m
12-08-2025 19:30:06 [INFO]: [32m[1m✅ Redis connected successfully[22m[39m
12-08-2025 19:30:06 [INFO]: [32m[1m🚀 Server is running on http://localhost:5000 [development][22m[39m
12-08-2025 19:30:08 [INFO]: [32m[1m✅ MongoDB connected successfully at ac-mvoskba-shard-00-00.gih6ilr.mongodb.net/Groceries App[22m[39m
12-08-2025 19:30:09 [INFO]: [32m[1m✅ Redis connected successfully[22m[39m
12-08-2025 19:30:09 [INFO]: [32m[1m🚀 Server is running on http://localhost:5000 [development][22m[39m
12-08-2025 19:30:16 [INFO]: [32m[1m✅ MongoDB connected successfully at ac-mvoskba-shard-00-00.gih6ilr.mongodb.net/Groceries App[22m[39m
12-08-2025 19:30:17 [INFO]: [32m[1m✅ Redis connected successfully[22m[39m
12-08-2025 19:30:17 [INFO]: [32m[1m🚀 Server is running on http://localhost:5000 [development][22m[39m
12-08-2025 19:30:21 [INFO]: [32m[1m✅ MongoDB connected successfully at ac-mvoskba-shard-00-00.gih6ilr.mongodb.net/Groceries App[22m[39m
12-08-2025 19:30:21 [INFO]: [32m[1m✅ Redis connected successfully[22m[39m
12-08-2025 19:30:21 [INFO]: [32m[1m🚀 Server is running on http://localhost:5000 [development][22m[39m
12-08-2025 19:30:31 [INFO]: [32m[1m✅ MongoDB connected successfully at ac-mvoskba-shard-00-00.gih6ilr.mongodb.net/Groceries App[22m[39m
12-08-2025 19:30:32 [INFO]: [32m[1m✅ Redis connected successfully[22m[39m
12-08-2025 19:30:32 [INFO]: [32m[1m🚀 Server is running on http://localhost:5000 [development][22m[39m
12-08-2025 19:30:41 [INFO]: [32m[1m✅ MongoDB connected successfully at ac-mvoskba-shard-00-00.gih6ilr.mongodb.net/Groceries App[22m[39m
12-08-2025 19:30:41 [INFO]: [32m[1m✅ Redis connected successfully[22m[39m
12-08-2025 19:30:41 [INFO]: [32m[1m🚀 Server is running on http://localhost:5000 [development][22m[39m
12-08-2025 19:30:44 [INFO]: [32m[1m✅ MongoDB connected successfully at ac-mvoskba-shard-00-00.gih6ilr.mongodb.net/Groceries App[22m[39m
12-08-2025 19:30:44 [INFO]: [32m[1m✅ Redis connected successfully[22m[39m
12-08-2025 19:30:44 [INFO]: [32m[1m🚀 Server is running on http://localhost:5000 [development][22m[39m
12-08-2025 19:30:50 [INFO]: [32m[1m✅ MongoDB connected successfully at ac-mvoskba-shard-00-00.gih6ilr.mongodb.net/Groceries App[22m[39m
12-08-2025 19:30:50 [INFO]: [32m[1m✅ Redis connected successfully[22m[39m
12-08-2025 19:30:50 [INFO]: [32m[1m🚀 Server is running on http://localhost:5000 [development][22m[39m
12-08-2025 19:30:52 [INFO]: [32m[1m✅ MongoDB connected successfully at ac-mvoskba-shard-00-00.gih6ilr.mongodb.net/Groceries App[22m[39m
12-08-2025 19:30:53 [INFO]: [32m[1m✅ Redis connected successfully[22m[39m
12-08-2025 19:30:53 [INFO]: [32m[1m🚀 Server is running on http://localhost:5000 [development][22m[39m
12-08-2025 19:30:56 [INFO]: [32m[1m✅ MongoDB connected successfully at ac-mvoskba-shard-00-00.gih6ilr.mongodb.net/Groceries App[22m[39m
12-08-2025 19:30:56 [INFO]: [32m[1m✅ Redis connected successfully[22m[39m
12-08-2025 19:30:56 [INFO]: [32m[1m🚀 Server is running on http://localhost:5000 [development][22m[39m
12-08-2025 19:30:59 [INFO]: [32m[1m✅ MongoDB connected successfully at ac-mvoskba-shard-00-00.gih6ilr.mongodb.net/Groceries App[22m[39m
12-08-2025 19:30:59 [INFO]: [32m[1m✅ Redis connected successfully[22m[39m
12-08-2025 19:30:59 [INFO]: [32m[1m🚀 Server is running on http://localhost:5000 [development][22m[39m
12-08-2025 19:31:12 [INFO]: [32m[1m✅ MongoDB connected successfully at ac-mvoskba-shard-00-00.gih6ilr.mongodb.net/Groceries App[22m[39m
12-08-2025 19:31:13 [INFO]: [32m[1m✅ Redis connected successfully[22m[39m
12-08-2025 19:31:13 [INFO]: [32m[1m🚀 Server is running on http://localhost:5000 [development][22m[39m
12-08-2025 19:31:18 [INFO]: [32m[1m✅ MongoDB connected successfully at ac-mvoskba-shard-00-00.gih6ilr.mongodb.net/Groceries App[22m[39m
12-08-2025 19:31:18 [INFO]: [32m[1m✅ Redis connected successfully[22m[39m
12-08-2025 19:31:18 [INFO]: [32m[1m🚀 Server is running on http://localhost:5000 [development][22m[39m
12-08-2025 19:31:23 [INFO]: [32m[1m✅ MongoDB connected successfully at ac-mvoskba-shard-00-00.gih6ilr.mongodb.net/Groceries App[22m[39m
12-08-2025 19:31:24 [INFO]: [32m[1m✅ Redis connected successfully[22m[39m
12-08-2025 19:31:24 [INFO]: [32m[1m🚀 Server is running on http://localhost:5000 [development][22m[39m
12-08-2025 19:31:29 [INFO]: [32m[1m✅ MongoDB connected successfully at ac-mvoskba-shard-00-00.gih6ilr.mongodb.net/Groceries App[22m[39m
12-08-2025 19:31:29 [INFO]: [32m[1m✅ Redis connected successfully[22m[39m
12-08-2025 19:31:29 [INFO]: [32m[1m🚀 Server is running on http://localhost:5000 [development][22m[39m
12-08-2025 19:31:34 [INFO]: [32m[1m✅ MongoDB connected successfully at ac-mvoskba-shard-00-00.gih6ilr.mongodb.net/Groceries App[22m[39m
12-08-2025 19:31:34 [INFO]: [32m[1m✅ Redis connected successfully[22m[39m
12-08-2025 19:31:34 [INFO]: [32m[1m🚀 Server is running on http://localhost:5000 [development][22m[39m
12-08-2025 19:31:37 [INFO]: [32m[1m✅ MongoDB connected successfully at ac-mvoskba-shard-00-00.gih6ilr.mongodb.net/Groceries App[22m[39m
12-08-2025 19:31:39 [INFO]: [32m[1m✅ MongoDB connected successfully at ac-mvoskba-shard-00-00.gih6ilr.mongodb.net/Groceries App[22m[39m
12-08-2025 19:31:39 [INFO]: [32m[1m✅ Redis connected successfully[22m[39m
12-08-2025 19:31:39 [INFO]: [32m[1m🚀 Server is running on http://localhost:5000 [development][22m[39m
12-08-2025 19:31:43 [INFO]: [32m[1m✅ MongoDB connected successfully at ac-mvoskba-shard-00-00.gih6ilr.mongodb.net/Groceries App[22m[39m
12-08-2025 19:31:43 [INFO]: [32m[1m✅ Redis connected successfully[22m[39m
12-08-2025 19:31:43 [INFO]: [32m[1m🚀 Server is running on http://localhost:5000 [development][22m[39m
12-08-2025 19:32:00 [INFO]: [32m[1m✅ MongoDB connected successfully at ac-mvoskba-shard-00-00.gih6ilr.mongodb.net/Groceries App[22m[39m
12-08-2025 19:32:01 [INFO]: [32m[1m✅ Redis connected successfully[22m[39m
12-08-2025 19:32:01 [INFO]: [32m[1m🚀 Server is running on http://localhost:5000 [development][22m[39m
12-08-2025 19:32:03 [INFO]: [32m[1m✅ MongoDB connected successfully at ac-mvoskba-shard-00-00.gih6ilr.mongodb.net/Groceries App[22m[39m
12-08-2025 19:32:03 [INFO]: [32m[1m✅ Redis connected successfully[22m[39m
12-08-2025 19:32:03 [INFO]: [32m[1m🚀 Server is running on http://localhost:5000 [development][22m[39m
12-08-2025 19:32:07 [INFO]: [32m[1m✅ MongoDB connected successfully at ac-mvoskba-shard-00-00.gih6ilr.mongodb.net/Groceries App[22m[39m
12-08-2025 19:32:07 [INFO]: [32m[1m✅ Redis connected successfully[22m[39m
12-08-2025 19:32:07 [INFO]: [32m[1m🚀 Server is running on http://localhost:5000 [development][22m[39m
12-08-2025 19:57:41 [INFO]: [32m[1m✅ MongoDB connected successfully at ac-mvoskba-shard-00-00.gih6ilr.mongodb.net/Groceries App[22m[39m
12-08-2025 19:57:42 [INFO]: [32m[1m✅ Redis connected successfully[22m[39m
12-08-2025 19:57:42 [INFO]: [32m[1m🚀 Server is running on http://localhost:5000 [development][22m[39m
12-08-2025 19:57:42 [INFO]: ✅ Email server is ready to send messages
12-08-2025 20:02:06 [ERROR]: Cannot set property query of #<IncomingMessage> which has only a getter
12-08-2025 20:03:23 [INFO]: [32m[1m✅ MongoDB connected successfully at ac-mvoskba-shard-00-00.gih6ilr.mongodb.net/Groceries App[22m[39m
12-08-2025 20:03:24 [INFO]: [32m[1m✅ Redis connected successfully[22m[39m
12-08-2025 20:03:24 [INFO]: [32m[1m🚀 Server is running on http://localhost:5000 [development][22m[39m
12-08-2025 20:03:24 [INFO]: ✅ Email server is ready to send messages
12-08-2025 20:03:55 [ERROR]: Invalid namespace specified: /Groceries App.users
12-08-2025 20:04:45 [INFO]: [32m[1m✅ MongoDB connected successfully at ac-mvoskba-shard-00-00.gih6ilr.mongodb.net/GroceriesApp[22m[39m
12-08-2025 20:04:46 [INFO]: [32m[1m✅ Redis connected successfully[22m[39m
12-08-2025 20:04:46 [INFO]: [32m[1m🚀 Server is running on http://localhost:5000 [development][22m[39m
12-08-2025 20:04:46 [INFO]: ✅ Email server is ready to send messages
12-08-2025 20:04:52 [ERROR]: Invalid namespace specified: /GroceriesApp.users
12-08-2025 20:05:06 [ERROR]: Invalid namespace specified: /GroceriesApp.users
12-08-2025 20:07:45 [INFO]: [32m[1m✅ MongoDB connected successfully at ac-mvoskba-shard-00-00.gih6ilr.mongodb.net/GroceriesApp[22m[39m
12-08-2025 20:07:45 [INFO]: [32m[1m✅ Redis connected successfully[22m[39m
12-08-2025 20:07:45 [INFO]: [32m[1m🚀 Server is running on http://localhost:5000 [development][22m[39m
12-08-2025 20:07:45 [INFO]: ✅ Email server is ready to send messages
12-08-2025 20:07:53 [ERROR]: Cannot read properties of null (reading 'generateOtpCode')
12-08-2025 20:11:46 [INFO]: [32m[1m✅ MongoDB connected successfully at ac-mvoskba-shard-00-00.gih6ilr.mongodb.net/GroceriesApp[22m[39m
12-08-2025 20:11:47 [INFO]: ✅ Email server is ready to send messages
12-08-2025 20:11:48 [INFO]: [32m[1m✅ MongoDB connected successfully at ac-mvoskba-shard-00-00.gih6ilr.mongodb.net/GroceriesApp[22m[39m
12-08-2025 20:11:49 [INFO]: [32m[1m✅ Redis connected successfully[22m[39m
12-08-2025 20:11:49 [INFO]: [32m[1m🚀 Server is running on http://localhost:5000 [development][22m[39m
12-08-2025 20:11:49 [INFO]: ✅ Email server is ready to send messages
12-08-2025 20:12:31 [INFO]: ✅ Email sent to meghnasharma737000@gmail.com: <e9a9e499-9ed3-c54e-0892-7c06881e8d6c@gmail.com>
12-08-2025 20:16:17 [INFO]: [32m[1m✅ MongoDB connected successfully at ac-mvoskba-shard-00-00.gih6ilr.mongodb.net/GroceriesApp[22m[39m
12-08-2025 20:16:18 [INFO]: [32m[1m✅ Redis connected successfully[22m[39m
12-08-2025 20:16:18 [INFO]: [32m[1m🚀 Server is running on http://localhost:5000 [development][22m[39m
12-08-2025 20:16:18 [INFO]: ✅ Email server is ready to send messages
12-08-2025 20:19:08 [INFO]: [32m[1m✅ MongoDB connected successfully at ac-mvoskba-shard-00-00.gih6ilr.mongodb.net/GroceriesApp[22m[39m
12-08-2025 20:19:09 [INFO]: [32m[1m✅ Redis connected successfully[22m[39m
12-08-2025 20:19:09 [INFO]: [32m[1m🚀 Server is running on http://localhost:5000 [development][22m[39m
12-08-2025 20:19:09 [INFO]: ✅ Email server is ready to send messages
12-08-2025 20:19:18 [INFO]: [32m[1m✅ MongoDB connected successfully at ac-mvoskba-shard-00-00.gih6ilr.mongodb.net/GroceriesApp[22m[39m
12-08-2025 20:19:19 [INFO]: [32m[1m✅ Redis connected successfully[22m[39m
12-08-2025 20:19:19 [INFO]: [32m[1m🚀 Server is running on http://localhost:5000 [development][22m[39m
12-08-2025 20:19:19 [INFO]: ✅ Email server is ready to send messages
12-08-2025 20:20:11 [INFO]: [32m[1m✅ MongoDB connected successfully at ac-mvoskba-shard-00-00.gih6ilr.mongodb.net/GroceriesApp[22m[39m
12-08-2025 20:20:11 [INFO]: [32m[1m✅ Redis connected successfully[22m[39m
12-08-2025 20:20:11 [INFO]: [32m[1m🚀 Server is running on http://localhost:5000 [development][22m[39m
12-08-2025 20:20:12 [INFO]: ✅ Email server is ready to send messages
12-08-2025 20:20:18 [INFO]: [32m[1m✅ MongoDB connected successfully at ac-mvoskba-shard-00-00.gih6ilr.mongodb.net/GroceriesApp[22m[39m
12-08-2025 20:20:18 [INFO]: [32m[1m✅ Redis connected successfully[22m[39m
12-08-2025 20:20:18 [INFO]: [32m[1m🚀 Server is running on http://localhost:5000 [development][22m[39m
12-08-2025 20:20:19 [INFO]: ✅ Email server is ready to send messages
12-08-2025 20:20:22 [ERROR]: subject is not defined
12-08-2025 20:22:35 [INFO]: [32m[1m✅ MongoDB connected successfully at ac-mvoskba-shard-00-00.gih6ilr.mongodb.net/GroceriesApp[22m[39m
12-08-2025 20:22:35 [INFO]: ✅ Email server is ready to send messages
12-08-2025 20:22:36 [INFO]: [32m[1m✅ Redis connected successfully[22m[39m
12-08-2025 20:22:36 [INFO]: [32m[1m🚀 Server is running on http://localhost:5000 [development][22m[39m
12-08-2025 20:23:32 [INFO]: ✅ Email sent to meghnasharma737000@gmail.com: <7efc3bbf-025c-4a27-88da-b5d4d81413f2@gmail.com>
12-08-2025 20:24:23 [INFO]: [32m[1m✅ MongoDB connected successfully at ac-mvoskba-shard-00-00.gih6ilr.mongodb.net/GroceriesApp[22m[39m
12-08-2025 20:24:23 [INFO]: [32m[1m✅ Redis connected successfully[22m[39m
12-08-2025 20:24:23 [INFO]: [32m[1m🚀 Server is running on http://localhost:5000 [development][22m[39m
12-08-2025 20:24:23 [INFO]: ✅ Email server is ready to send messages
12-08-2025 20:24:37 [INFO]: ✅ Email sent to meghnasharma737000@gmail.com: <ba263076-1d2f-59d9-216d-2d85f28f5862@gmail.com>
12-08-2025 20:26:16 [INFO]: [32m[1m✅ MongoDB connected successfully at ac-mvoskba-shard-00-00.gih6ilr.mongodb.net/GroceriesApp[22m[39m
12-08-2025 20:26:16 [INFO]: [32m[1m✅ Redis connected successfully[22m[39m
12-08-2025 20:26:16 [INFO]: [32m[1m🚀 Server is running on http://localhost:5000 [development][22m[39m
12-08-2025 20:26:17 [INFO]: ✅ Email server is ready to send messages
12-08-2025 20:26:25 [INFO]: [32m[1m✅ MongoDB connected successfully at ac-mvoskba-shard-00-00.gih6ilr.mongodb.net/GroceriesApp[22m[39m
12-08-2025 20:26:25 [INFO]: [32m[1m✅ Redis connected successfully[22m[39m
12-08-2025 20:26:25 [INFO]: [32m[1m🚀 Server is running on http://localhost:5000 [development][22m[39m
12-08-2025 20:26:26 [INFO]: ✅ Email server is ready to send messages
12-08-2025 20:26:31 [ERROR]: title is not defined
12-08-2025 20:26:57 [INFO]: [32m[1m✅ MongoDB connected successfully at ac-mvoskba-shard-00-00.gih6ilr.mongodb.net/GroceriesApp[22m[39m
12-08-2025 20:26:57 [INFO]: [32m[1m✅ Redis connected successfully[22m[39m
12-08-2025 20:26:57 [INFO]: [32m[1m🚀 Server is running on http://localhost:5000 [development][22m[39m
12-08-2025 20:26:58 [INFO]: ✅ Email server is ready to send messages
12-08-2025 20:27:08 [INFO]: ✅ Email sent to meghnasharma737000@gmail.com: <634e370b-9d98-b96b-c2a3-87dc6afee9c2@gmail.com>
12-08-2025 20:28:05 [INFO]: [32m[1m✅ MongoDB connected successfully at ac-mvoskba-shard-00-00.gih6ilr.mongodb.net/GroceriesApp[22m[39m
12-08-2025 20:28:05 [INFO]: ✅ Email server is ready to send messages
12-08-2025 20:28:06 [INFO]: [32m[1m✅ Redis connected successfully[22m[39m
12-08-2025 20:28:06 [INFO]: [32m[1m🚀 Server is running on http://localhost:5000 [development][22m[39m
12-08-2025 20:28:09 [INFO]: [32m[1m✅ MongoDB connected successfully at ac-mvoskba-shard-00-00.gih6ilr.mongodb.net/GroceriesApp[22m[39m
12-08-2025 20:28:09 [INFO]: [32m[1m✅ Redis connected successfully[22m[39m
12-08-2025 20:28:09 [INFO]: [32m[1m🚀 Server is running on http://localhost:5000 [development][22m[39m
12-08-2025 20:28:10 [INFO]: ✅ Email server is ready to send messages
12-08-2025 20:28:16 [INFO]: [32m[1m✅ MongoDB connected successfully at ac-mvoskba-shard-00-00.gih6ilr.mongodb.net/GroceriesApp[22m[39m
12-08-2025 20:28:19 [INFO]: [32m[1m✅ MongoDB connected successfully at ac-mvoskba-shard-00-00.gih6ilr.mongodb.net/GroceriesApp[22m[39m
12-08-2025 20:28:19 [INFO]: [32m[1m✅ Redis connected successfully[22m[39m
12-08-2025 20:28:19 [INFO]: [32m[1m🚀 Server is running on http://localhost:5000 [development][22m[39m
12-08-2025 20:28:20 [INFO]: ✅ Email server is ready to send messages
12-08-2025 20:28:28 [INFO]: ✅ Email sent to meghnasharma737000@gmail.com: <9ec31c27-0bf7-ae95-dc58-def88c20dd0e@gmail.com>
12-08-2025 20:29:32 [INFO]: [32m[1m✅ MongoDB connected successfully at ac-mvoskba-shard-00-00.gih6ilr.mongodb.net/GroceriesApp[22m[39m
12-08-2025 20:29:33 [INFO]: [32m[1m✅ Redis connected successfully[22m[39m
12-08-2025 20:29:33 [INFO]: [32m[1m🚀 Server is running on http://localhost:5000 [development][22m[39m
12-08-2025 20:29:34 [INFO]: ✅ Email server is ready to send messages
12-08-2025 20:29:43 [INFO]: ✅ Email sent to meghnasharma737000@gmail.com: <2866b721-c5bd-4955-90cd-522c3c59f229@gmail.com>
12-08-2025 20:33:15 [INFO]: [32m[1m✅ MongoDB connected successfully at ac-mvoskba-shard-00-00.gih6ilr.mongodb.net/GroceriesApp[22m[39m
12-08-2025 20:33:15 [INFO]: [32m[1m✅ Redis connected successfully[22m[39m
12-08-2025 20:33:15 [INFO]: [32m[1m🚀 Server is running on http://localhost:5000 [development][22m[39m
12-08-2025 20:33:16 [INFO]: ✅ Email server is ready to send messages
12-08-2025 20:33:59 [INFO]: [32m[1m✅ MongoDB connected successfully at ac-mvoskba-shard-00-00.gih6ilr.mongodb.net/GroceriesApp[22m[39m
12-08-2025 20:34:00 [INFO]: [32m[1m✅ Redis connected successfully[22m[39m
12-08-2025 20:34:00 [INFO]: [32m[1m🚀 Server is running on http://localhost:5000 [development][22m[39m
12-08-2025 20:34:00 [INFO]: ✅ Email server is ready to send messages
12-08-2025 20:36:12 [INFO]: [32m[1m✅ MongoDB connected successfully at ac-mvoskba-shard-00-00.gih6ilr.mongodb.net/GroceriesApp[22m[39m
12-08-2025 20:36:12 [INFO]: [32m[1m✅ Redis connected successfully[22m[39m
12-08-2025 20:36:12 [INFO]: [32m[1m🚀 Server is running on http://localhost:5000 [development][22m[39m
12-08-2025 20:36:12 [INFO]: ✅ Email server is ready to send messages
12-08-2025 20:36:21 [INFO]: [32m[1m✅ MongoDB connected successfully at ac-mvoskba-shard-00-00.gih6ilr.mongodb.net/GroceriesApp[22m[39m
12-08-2025 20:36:21 [INFO]: [32m[1m✅ Redis connected successfully[22m[39m
12-08-2025 20:36:21 [INFO]: [32m[1m🚀 Server is running on http://localhost:5000 [development][22m[39m
12-08-2025 20:36:22 [INFO]: ✅ Email server is ready to send messages
12-08-2025 20:36:31 [INFO]: [32m[1m✅ MongoDB connected successfully at ac-mvoskba-shard-00-00.gih6ilr.mongodb.net/GroceriesApp[22m[39m
12-08-2025 20:36:31 [INFO]: [32m[1m✅ Redis connected successfully[22m[39m
12-08-2025 20:36:31 [INFO]: [32m[1m🚀 Server is running on http://localhost:5000 [development][22m[39m
12-08-2025 20:36:36 [INFO]: [32m[1m✅ MongoDB connected successfully at ac-mvoskba-shard-00-00.gih6ilr.mongodb.net/GroceriesApp[22m[39m
12-08-2025 20:36:36 [INFO]: [32m[1m✅ Redis connected successfully[22m[39m
12-08-2025 20:36:36 [INFO]: [32m[1m🚀 Server is running on http://localhost:5000 [development][22m[39m
12-08-2025 20:36:37 [INFO]: ✅ Email server is ready to send messages
12-08-2025 20:36:50 [INFO]: [32m[1m✅ MongoDB connected successfully at ac-mvoskba-shard-00-00.gih6ilr.mongodb.net/GroceriesApp[22m[39m
12-08-2025 20:36:50 [INFO]: [32m[1m✅ Redis connected successfully[22m[39m
12-08-2025 20:36:50 [INFO]: [32m[1m🚀 Server is running on http://localhost:5000 [development][22m[39m
12-08-2025 20:36:51 [INFO]: ✅ Email server is ready to send messages
12-08-2025 20:44:04 [INFO]: [32m[1m✅ MongoDB connected successfully at ac-mvoskba-shard-00-00.gih6ilr.mongodb.net/GroceriesApp[22m[39m
12-08-2025 20:44:05 [INFO]: [32m[1m✅ Redis connected successfully[22m[39m
12-08-2025 20:44:05 [INFO]: [32m[1m🚀 Server is running on http://localhost:5000 [development][22m[39m
12-08-2025 20:44:05 [INFO]: ✅ Email server is ready to send messages
12-08-2025 20:45:01 [INFO]: [32m[1m✅ MongoDB connected successfully at ac-mvoskba-shard-00-00.gih6ilr.mongodb.net/GroceriesApp[22m[39m
12-08-2025 20:45:01 [INFO]: [32m[1m🚀 Server is running on http://localhost:5000 [development][22m[39m
12-08-2025 20:45:02 [INFO]: ✅ Email server is ready to send messages
12-08-2025 20:45:17 [INFO]: [32m[1m✅ MongoDB connected successfully at ac-mvoskba-shard-00-00.gih6ilr.mongodb.net/GroceriesApp[22m[39m
12-08-2025 20:45:17 [INFO]: [32m[1m🚀 Server is running on http://localhost:5000 [development][22m[39m
12-08-2025 20:45:18 [INFO]: ✅ Email server is ready to send messages
12-08-2025 20:45:48 [INFO]: [32m[1m✅ MongoDB connected successfully at ac-mvoskba-shard-00-00.gih6ilr.mongodb.net/GroceriesApp[22m[39m
12-08-2025 20:45:48 [INFO]: [32m[1m🚀 Server is running on http://localhost:5000 [development][22m[39m
12-08-2025 20:45:49 [INFO]: ✅ Email server is ready to send messages
12-08-2025 20:46:15 [INFO]: [32m[1m✅ MongoDB connected successfully at ac-mvoskba-shard-00-00.gih6ilr.mongodb.net/GroceriesApp[22m[39m
12-08-2025 20:46:15 [INFO]: [32m[1m🚀 Server is running on http://localhost:5000 [development][22m[39m
12-08-2025 20:46:15 [INFO]: ✅ Email server is ready to send messages
12-08-2025 20:47:15 [INFO]: [32m[1m✅ MongoDB connected successfully at ac-mvoskba-shard-00-00.gih6ilr.mongodb.net/GroceriesApp[22m[39m
12-08-2025 20:47:15 [INFO]: [32m[1m🚀 Server is running on http://localhost:5000 [development][22m[39m
12-08-2025 20:47:15 [INFO]: ✅ Email server is ready to send messages
12-08-2025 20:47:18 [INFO]: [32m[1m✅ MongoDB connected successfully at ac-mvoskba-shard-00-00.gih6ilr.mongodb.net/GroceriesApp[22m[39m
12-08-2025 20:47:18 [INFO]: [32m[1m🚀 Server is running on http://localhost:5000 [development][22m[39m
12-08-2025 20:47:19 [INFO]: ✅ Email server is ready to send messages
12-08-2025 20:47:27 [INFO]: [32m[1m✅ MongoDB connected successfully at ac-mvoskba-shard-00-00.gih6ilr.mongodb.net/GroceriesApp[22m[39m
12-08-2025 20:47:27 [INFO]: [32m[1m🚀 Server is running on http://localhost:5000 [development][22m[39m
12-08-2025 20:47:28 [INFO]: ✅ Email server is ready to send messages
12-08-2025 20:47:31 [INFO]: [32m[1m✅ MongoDB connected successfully at ac-mvoskba-shard-00-00.gih6ilr.mongodb.net/GroceriesApp[22m[39m
12-08-2025 20:47:31 [INFO]: [32m[1m🚀 Server is running on http://localhost:5000 [development][22m[39m
12-08-2025 20:47:31 [INFO]: ✅ Email server is ready to send messages
12-08-2025 20:47:39 [INFO]: [32m[1m✅ MongoDB connected successfully at ac-mvoskba-shard-00-00.gih6ilr.mongodb.net/GroceriesApp[22m[39m
12-08-2025 20:47:39 [INFO]: [32m[1m🚀 Server is running on http://localhost:5000 [development][22m[39m
12-08-2025 20:47:42 [INFO]: [32m[1m✅ MongoDB connected successfully at ac-mvoskba-shard-00-00.gih6ilr.mongodb.net/GroceriesApp[22m[39m
12-08-2025 20:47:42 [INFO]: [32m[1m🚀 Server is running on http://localhost:5000 [development][22m[39m
12-08-2025 20:47:46 [INFO]: [32m[1m✅ MongoDB connected successfully at ac-mvoskba-shard-00-00.gih6ilr.mongodb.net/GroceriesApp[22m[39m
12-08-2025 20:47:46 [INFO]: [32m[1m🚀 Server is running on http://localhost:5000 [development][22m[39m
12-08-2025 20:47:47 [INFO]: ✅ Email server is ready to send messages
12-08-2025 20:47:55 [INFO]: [32m[1m✅ MongoDB connected successfully at ac-mvoskba-shard-00-00.gih6ilr.mongodb.net/GroceriesApp[22m[39m
12-08-2025 20:47:55 [INFO]: [32m[1m🚀 Server is running on http://localhost:5000 [development][22m[39m
12-08-2025 20:47:56 [INFO]: ✅ Email server is ready to send messages
12-08-2025 20:47:59 [INFO]: [32m[1m✅ MongoDB connected successfully at ac-mvoskba-shard-00-00.gih6ilr.mongodb.net/GroceriesApp[22m[39m
12-08-2025 20:47:59 [INFO]: [32m[1m🚀 Server is running on http://localhost:5000 [development][22m[39m
12-08-2025 20:48:02 [INFO]: [32m[1m✅ MongoDB connected successfully at ac-mvoskba-shard-00-00.gih6ilr.mongodb.net/GroceriesApp[22m[39m
12-08-2025 20:48:02 [INFO]: [32m[1m🚀 Server is running on http://localhost:5000 [development][22m[39m
12-08-2025 20:48:03 [INFO]: ✅ Email server is ready to send messages
12-08-2025 20:48:33 [INFO]: [32m[1m✅ MongoDB connected successfully at ac-mvoskba-shard-00-00.gih6ilr.mongodb.net/GroceriesApp[22m[39m
12-08-2025 20:48:33 [INFO]: [32m[1m🚀 Server is running on http://localhost:5000 [development][22m[39m
12-08-2025 20:48:36 [INFO]: [32m[1m✅ MongoDB connected successfully at ac-mvoskba-shard-00-00.gih6ilr.mongodb.net/GroceriesApp[22m[39m
12-08-2025 20:48:36 [INFO]: [32m[1m🚀 Server is running on http://localhost:5000 [development][22m[39m
12-08-2025 20:48:37 [INFO]: ✅ Email server is ready to send messages
12-08-2025 20:48:52 [INFO]: [32m[1m✅ MongoDB connected successfully at ac-mvoskba-shard-00-00.gih6ilr.mongodb.net/GroceriesApp[22m[39m
12-08-2025 20:48:52 [INFO]: [32m[1m🚀 Server is running on http://localhost:5000 [development][22m[39m
12-08-2025 20:48:53 [INFO]: ✅ Email server is ready to send messages
12-08-2025 20:49:12 [INFO]: [32m[1m✅ MongoDB connected successfully at ac-mvoskba-shard-00-00.gih6ilr.mongodb.net/GroceriesApp[22m[39m
12-08-2025 20:49:12 [INFO]: [32m[1m🚀 Server is running on http://localhost:5000 [development][22m[39m
12-08-2025 20:49:13 [INFO]: ✅ Email server is ready to send messages
12-08-2025 20:49:22 [INFO]: [32m[1m✅ MongoDB connected successfully at ac-mvoskba-shard-00-00.gih6ilr.mongodb.net/GroceriesApp[22m[39m
12-08-2025 20:49:22 [INFO]: [32m[1m🚀 Server is running on http://localhost:5000 [development][22m[39m
12-08-2025 20:49:23 [INFO]: ✅ Email server is ready to send messages
12-08-2025 20:49:29 [INFO]: [32m[1m✅ MongoDB connected successfully at ac-mvoskba-shard-00-00.gih6ilr.mongodb.net/GroceriesApp[22m[39m
12-08-2025 20:49:29 [INFO]: [32m[1m🚀 Server is running on http://localhost:5000 [development][22m[39m
12-08-2025 20:49:30 [INFO]: ✅ Email server is ready to send messages
12-08-2025 20:49:41 [INFO]: [32m[1m✅ MongoDB connected successfully at ac-mvoskba-shard-00-00.gih6ilr.mongodb.net/GroceriesApp[22m[39m
12-08-2025 20:49:41 [INFO]: [32m[1m🚀 Server is running on http://localhost:5000 [development][22m[39m
12-08-2025 20:49:46 [INFO]: [32m[1m✅ MongoDB connected successfully at ac-mvoskba-shard-00-00.gih6ilr.mongodb.net/GroceriesApp[22m[39m
12-08-2025 20:49:46 [INFO]: [32m[1m🚀 Server is running on http://localhost:5000 [development][22m[39m
12-08-2025 20:49:47 [INFO]: ✅ Email server is ready to send messages
12-08-2025 20:49:49 [INFO]: [32m[1m✅ MongoDB connected successfully at ac-mvoskba-shard-00-00.gih6ilr.mongodb.net/GroceriesApp[22m[39m
12-08-2025 20:49:49 [INFO]: [32m[1m🚀 Server is running on http://localhost:5000 [development][22m[39m
12-08-2025 20:49:50 [INFO]: ✅ Email server is ready to send messages
12-08-2025 20:50:18 [INFO]: [32m[1m✅ MongoDB connected successfully at ac-mvoskba-shard-00-00.gih6ilr.mongodb.net/GroceriesApp[22m[39m
12-08-2025 20:50:18 [INFO]: [32m[1m🚀 Server is running on http://localhost:5000 [development][22m[39m
12-08-2025 20:50:19 [INFO]: ✅ Email server is ready to send messages
12-08-2025 20:50:21 [INFO]: [32m[1m✅ MongoDB connected successfully at ac-mvoskba-shard-00-00.gih6ilr.mongodb.net/GroceriesApp[22m[39m
12-08-2025 20:50:21 [INFO]: [32m[1m🚀 Server is running on http://localhost:5000 [development][22m[39m
12-08-2025 20:50:23 [INFO]: ✅ Email server is ready to send messages
12-08-2025 20:50:41 [INFO]: [32m[1m✅ MongoDB connected successfully at ac-mvoskba-shard-00-00.gih6ilr.mongodb.net/GroceriesApp[22m[39m
12-08-2025 20:50:41 [INFO]: [32m[1m🚀 Server is running on http://localhost:5000 [development][22m[39m
12-08-2025 20:50:42 [INFO]: ✅ Email server is ready to send messages
12-08-2025 20:50:48 [INFO]: [32m[1m✅ MongoDB connected successfully at ac-mvoskba-shard-00-00.gih6ilr.mongodb.net/GroceriesApp[22m[39m
12-08-2025 20:50:48 [INFO]: [32m[1m🚀 Server is running on http://localhost:5000 [development][22m[39m
12-08-2025 20:50:51 [INFO]: [32m[1m✅ MongoDB connected successfully at ac-mvoskba-shard-00-00.gih6ilr.mongodb.net/GroceriesApp[22m[39m
12-08-2025 20:50:51 [INFO]: [32m[1m🚀 Server is running on http://localhost:5000 [development][22m[39m
12-08-2025 20:50:52 [INFO]: ✅ Email server is ready to send messages
12-08-2025 20:51:10 [INFO]: ✅ Email sent to meghnasharma737000@gmail.com: <056290b2-367c-0524-1d74-ca70026aab97@gmail.com>
12-08-2025 20:55:17 [INFO]: [32m[1m✅ MongoDB connected successfully at ac-mvoskba-shard-00-00.gih6ilr.mongodb.net/GroceriesApp[22m[39m
12-08-2025 20:55:17 [INFO]: [32m[1m🚀 Server is running on http://localhost:5000 [development][22m[39m
12-08-2025 20:55:18 [INFO]: ✅ Email server is ready to send messages
12-08-2025 20:55:23 [INFO]: [32m[1m✅ MongoDB connected successfully at ac-mvoskba-shard-00-00.gih6ilr.mongodb.net/GroceriesApp[22m[39m
12-08-2025 20:55:23 [INFO]: [32m[1m🚀 Server is running on http://localhost:5000 [development][22m[39m
12-08-2025 20:55:25 [INFO]: ✅ Email server is ready to send messages
12-08-2025 20:55:29 [INFO]: [32m[1m✅ MongoDB connected successfully at ac-mvoskba-shard-00-00.gih6ilr.mongodb.net/GroceriesApp[22m[39m
12-08-2025 20:55:29 [INFO]: [32m[1m🚀 Server is running on http://localhost:5000 [development][22m[39m
12-08-2025 20:55:30 [INFO]: ✅ Email server is ready to send messages
12-08-2025 20:55:33 [INFO]: [32m[1m✅ MongoDB connected successfully at ac-mvoskba-shard-00-00.gih6ilr.mongodb.net/GroceriesApp[22m[39m
12-08-2025 20:55:33 [INFO]: [32m[1m🚀 Server is running on http://localhost:5000 [development][22m[39m
12-08-2025 20:55:34 [INFO]: ✅ Email server is ready to send messages
12-08-2025 20:55:38 [INFO]: [32m[1m✅ MongoDB connected successfully at ac-mvoskba-shard-00-00.gih6ilr.mongodb.net/GroceriesApp[22m[39m
12-08-2025 20:55:38 [INFO]: [32m[1m🚀 Server is running on http://localhost:5000 [development][22m[39m
12-08-2025 20:55:39 [INFO]: ✅ Email server is ready to send messages
12-08-2025 20:58:08 [INFO]: ✅ Email server is ready to send messages
12-08-2025 20:58:08 [INFO]: [32m[1m✅ MongoDB connected successfully at ac-mvoskba-shard-00-00.gih6ilr.mongodb.net/GroceriesApp[22m[39m
12-08-2025 20:58:08 [INFO]: [32m[1m🚀 Server is running on http://localhost:5000 [development][22m[39m
12-08-2025 20:58:17 [INFO]: [32m[1m✅ MongoDB connected successfully at ac-mvoskba-shard-00-00.gih6ilr.mongodb.net/GroceriesApp[22m[39m
12-08-2025 20:58:17 [INFO]: [32m[1m🚀 Server is running on http://localhost:5000 [development][22m[39m
12-08-2025 20:58:18 [INFO]: ✅ Email server is ready to send messages
12-08-2025 20:58:46 [INFO]: [32m[1m✅ MongoDB connected successfully at ac-mvoskba-shard-00-00.gih6ilr.mongodb.net/GroceriesApp[22m[39m
12-08-2025 20:58:46 [INFO]: [32m[1m🚀 Server is running on http://localhost:5000 [development][22m[39m
12-08-2025 20:58:46 [INFO]: 
12-08-2025 20:58:54 [INFO]: [32m[1m✅ MongoDB connected successfully at ac-mvoskba-shard-00-00.gih6ilr.mongodb.net/GroceriesApp[22m[39m
12-08-2025 20:58:54 [INFO]: [32m[1m🚀 Server is running on http://localhost:5000 [development][22m[39m
12-08-2025 20:58:55 [INFO]: 
12-08-2025 20:59:11 [INFO]: [32m[1m✅ MongoDB connected successfully at ac-mvoskba-shard-00-00.gih6ilr.mongodb.net/GroceriesApp[22m[39m
12-08-2025 20:59:11 [INFO]: [32m[1m🚀 Server is running on http://localhost:5000 [development][22m[39m
12-08-2025 20:59:12 [INFO]: [32m[1m✅ Email server is ready to send messages[22m[39m
12-08-2025 20:59:20 [INFO]: [32m[1m✅ MongoDB connected successfully at ac-mvoskba-shard-00-00.gih6ilr.mongodb.net/GroceriesApp[22m[39m
12-08-2025 20:59:20 [INFO]: [32m[1m🚀 Server is running on http://localhost:5000 [development][22m[39m
12-08-2025 20:59:21 [INFO]: [32m[1m✅ Email server is ready to send messages[22m[39m
12-08-2025 20:59:24 [INFO]: [32m[1m✅ MongoDB connected successfully at ac-mvoskba-shard-00-00.gih6ilr.mongodb.net/GroceriesApp[22m[39m
12-08-2025 20:59:24 [INFO]: [32m[1m🚀 Server is running on http://localhost:5000 [development][22m[39m
12-08-2025 20:59:28 [INFO]: [32m[1m✅ MongoDB connected successfully at ac-mvoskba-shard-00-00.gih6ilr.mongodb.net/GroceriesApp[22m[39m
12-08-2025 20:59:28 [INFO]: [32m[1m🚀 Server is running on http://localhost:5000 [development][22m[39m
12-08-2025 20:59:31 [INFO]: [32m[1m✅ MongoDB connected successfully at ac-mvoskba-shard-00-00.gih6ilr.mongodb.net/GroceriesApp[22m[39m
12-08-2025 20:59:31 [INFO]: [32m[1m🚀 Server is running on http://localhost:5000 [development][22m[39m
12-08-2025 20:59:32 [INFO]: [32m[1m✅ Email server is ready to send messages[22m[39m
12-08-2025 20:59:35 [INFO]: [32m[1m✅ MongoDB connected successfully at ac-mvoskba-shard-00-00.gih6ilr.mongodb.net/GroceriesApp[22m[39m
12-08-2025 20:59:35 [INFO]: [32m[1m🚀 Server is running on http://localhost:5000 [development][22m[39m
12-08-2025 20:59:36 [INFO]: [32m[1m✅ Email server is ready to send messages[22m[39m
12-08-2025 21:00:11 [INFO]: [32m[1m✅ MongoDB connected successfully at ac-mvoskba-shard-00-00.gih6ilr.mongodb.net/GroceriesApp[22m[39m
12-08-2025 21:00:11 [INFO]: [32m[1m🚀 Server is running on http://localhost:5000 [development][22m[39m
12-08-2025 21:00:12 [INFO]: [32m[1m✅ Email server is ready to send messages[22m[39m
12-08-2025 21:00:32 [INFO]: [32m[1m✅ MongoDB connected successfully at ac-mvoskba-shard-00-00.gih6ilr.mongodb.net/GroceriesApp[22m[39m
12-08-2025 21:00:32 [INFO]: [32m[1m🚀 Server is running on http://localhost:5000 [development][22m[39m
12-08-2025 21:00:33 [INFO]: [32m[1m✅ Email server is ready to send messages[22m[39m
12-08-2025 21:00:45 [INFO]: [32m[1m✅ MongoDB connected successfully at ac-mvoskba-shard-00-00.gih6ilr.mongodb.net/GroceriesApp[22m[39m
12-08-2025 21:00:45 [INFO]: [32m[1m🚀 Server is running on http://localhost:5000 [development][22m[39m
12-08-2025 21:00:46 [INFO]: [32m[1m✅ Email server is ready to send messages[22m[39m
12-08-2025 21:00:51 [INFO]: [32m[1m✅ MongoDB connected successfully at ac-mvoskba-shard-00-00.gih6ilr.mongodb.net/GroceriesApp[22m[39m
12-08-2025 21:00:51 [INFO]: [32m[1m🚀 Server is running on http://localhost:5000 [development][22m[39m
12-08-2025 21:00:52 [INFO]: [32m[1m✅ Email server is ready to send messages[22m[39m
12-08-2025 21:00:56 [INFO]: [32m[1m✅ MongoDB connected successfully at ac-mvoskba-shard-00-00.gih6ilr.mongodb.net/GroceriesApp[22m[39m
12-08-2025 21:00:56 [INFO]: [32m[1m🚀 Server is running on http://localhost:5000 [development][22m[39m
12-08-2025 21:00:57 [INFO]: [32m[1m✅ Email server is ready to send messages[22m[39m
12-08-2025 21:01:31 [INFO]: [32m[1m✅ MongoDB connected successfully at ac-mvoskba-shard-00-00.gih6ilr.mongodb.net/GroceriesApp[22m[39m
12-08-2025 21:01:31 [INFO]: [32m[1m🚀 Server is running on http://localhost:5000 [development][22m[39m
12-08-2025 21:01:34 [INFO]: [32m[1m✅ MongoDB connected successfully at ac-mvoskba-shard-00-00.gih6ilr.mongodb.net/GroceriesApp[22m[39m
12-08-2025 21:01:34 [INFO]: [32m[1m🚀 Server is running on http://localhost:5000 [development][22m[39m
12-08-2025 21:01:35 [INFO]: [32m[1m✅ Email server is ready to send messages[22m[39m
12-08-2025 21:02:16 [INFO]: [32m[1m✅ MongoDB connected successfully at ac-mvoskba-shard-00-00.gih6ilr.mongodb.net/GroceriesApp[22m[39m
12-08-2025 21:02:16 [INFO]: [32m[1m🚀 Server is running on http://localhost:5000 [development][22m[39m
12-08-2025 21:02:17 [INFO]: [32m[1m✅ Email server is ready to send messages[22m[39m
12-08-2025 21:02:27 [INFO]: [32m[1m✅ MongoDB connected successfully at ac-mvoskba-shard-00-00.gih6ilr.mongodb.net/GroceriesApp[22m[39m
12-08-2025 21:02:27 [INFO]: [32m[1m🚀 Server is running on http://localhost:5000 [development][22m[39m
12-08-2025 21:02:30 [INFO]: [32m[1m✅ MongoDB connected successfully at ac-mvoskba-shard-00-00.gih6ilr.mongodb.net/GroceriesApp[22m[39m
12-08-2025 21:02:30 [INFO]: [32m[1m🚀 Server is running on http://localhost:5000 [development][22m[39m
12-08-2025 21:02:31 [INFO]: [32m[1m✅ Email server is ready to send messages[22m[39m
12-08-2025 21:02:42 [INFO]: [32m[1m✅ MongoDB connected successfully at ac-mvoskba-shard-00-00.gih6ilr.mongodb.net/GroceriesApp[22m[39m
12-08-2025 21:02:42 [INFO]: [32m[1m🚀 Server is running on http://localhost:5000 [development][22m[39m
12-08-2025 21:02:43 [INFO]: [32m[1m✅ Email server is ready to send messages[22m[39m
12-08-2025 21:02:46 [INFO]: [32m[1m✅ MongoDB connected successfully at ac-mvoskba-shard-00-00.gih6ilr.mongodb.net/GroceriesApp[22m[39m
12-08-2025 21:02:46 [INFO]: [32m[1m🚀 Server is running on http://localhost:5000 [development][22m[39m
12-08-2025 21:02:47 [INFO]: [32m[1m✅ Email server is ready to send messages[22m[39m
12-08-2025 21:03:16 [INFO]: [32m[1m✅ MongoDB connected successfully at ac-mvoskba-shard-00-00.gih6ilr.mongodb.net/GroceriesApp[22m[39m
12-08-2025 21:03:16 [INFO]: [32m[1m🚀 Server is running on http://localhost:5000 [development][22m[39m
12-08-2025 21:03:17 [INFO]: [32m[1m✅ Email server is ready to send messages[22m[39m
12-08-2025 21:03:21 [INFO]: [32m[1m✅ MongoDB connected successfully at ac-mvoskba-shard-00-00.gih6ilr.mongodb.net/GroceriesApp[22m[39m
12-08-2025 21:03:21 [INFO]: [32m[1m🚀 Server is running on http://localhost:5000 [development][22m[39m
12-08-2025 21:03:21 [INFO]: [32m[1m✅ Email server is ready to send messages[22m[39m
12-08-2025 21:11:30 [INFO]: [32m[1m✅ MongoDB connected successfully at ac-mvoskba-shard-00-00.gih6ilr.mongodb.net/GroceriesApp[22m[39m
12-08-2025 21:11:30 [INFO]: [32m[1m🚀 Server is running on http://localhost:5000 [development][22m[39m
12-08-2025 21:11:30 [INFO]: [32m[1m✅ Email server is ready to send messages[22m[39m
12-08-2025 21:11:43 [INFO]: [32m[1m✅ MongoDB connected successfully at ac-mvoskba-shard-00-00.gih6ilr.mongodb.net/GroceriesApp[22m[39m
12-08-2025 21:11:43 [INFO]: [32m[1m🚀 Server is running on http://localhost:5000 [development][22m[39m
12-08-2025 21:11:48 [INFO]: [32m[1m✅ Email server is ready to send messages[22m[39m
12-08-2025 21:11:48 [INFO]: [32m[1m✅ MongoDB connected successfully at ac-mvoskba-shard-00-00.gih6ilr.mongodb.net/GroceriesApp[22m[39m
12-08-2025 21:11:48 [INFO]: [32m[1m🚀 Server is running on http://localhost:5000 [development][22m[39m
